2024-08-18 15:47:01 [background-preinit] INFO  o.h.v.i.u.Version                                  - HV000001: Hibernate Validator 8.0.1.Final 
2024-08-18 15:47:01 [restartedMain] INFO  c.c.ApartmentManagementApplication                 - Starting ApartmentManagementApplication using Java 21.0.3 with PID 26644 (C:\Users\Admin\Documents\workspace-spring-tool-suite-4-4.23.1.RELEASE\ApartmentManager\target\classes started by Admin in C:\Users\Admin\Documents\workspace-spring-tool-suite-4-4.23.1.RELEASE\ApartmentManager) 
2024-08-18 15:47:01 [restartedMain] INFO  c.c.ApartmentManagementApplication                 - The following 1 profile is active: "dev" 
2024-08-18 15:47:01 [restartedMain] INFO  o.s.b.d.e.DevToolsPropertyDefaultsPostProcessor    - Devtools property defaults active! Set 'spring.devtools.add-properties' to 'false' to disable 
2024-08-18 15:47:01 [restartedMain] INFO  o.s.b.d.e.DevToolsPropertyDefaultsPostProcessor    - For additional web related logging consider setting the 'logging.level.web' property to 'DEBUG' 
2024-08-18 15:47:02 [restartedMain] INFO  o.s.d.r.c.RepositoryConfigurationDelegate          - Bootstrapping Spring Data JPA repositories in DEFAULT mode. 
2024-08-18 15:47:02 [restartedMain] INFO  o.s.d.r.c.RepositoryConfigurationDelegate          - Finished Spring Data repository scanning in 79 ms. Found 9 JPA repository interfaces. 
2024-08-18 15:47:03 [restartedMain] INFO  o.s.b.w.e.t.TomcatWebServer                        - Tomcat initialized with port(s): 8080 (http) 
2024-08-18 15:47:03 [restartedMain] INFO  o.a.c.h.Http11NioProtocol                          - Initializing ProtocolHandler ["http-nio-8080"] 
2024-08-18 15:47:03 [restartedMain] INFO  o.a.c.c.StandardService                            - Starting service [Tomcat] 
2024-08-18 15:47:03 [restartedMain] INFO  o.a.c.c.StandardEngine                             - Starting Servlet engine: [Apache Tomcat/10.1.13] 
2024-08-18 15:47:03 [restartedMain] INFO  o.a.c.c.C.[.[.[/]                                  - Initializing Spring embedded WebApplicationContext 
2024-08-18 15:47:03 [restartedMain] INFO  o.s.b.w.s.c.ServletWebServerApplicationContext     - Root WebApplicationContext: initialization completed in 1930 ms 
2024-08-18 15:47:03 [restartedMain] INFO  c.z.h.HikariDataSource                             - HikariPool-1 - Starting... 
2024-08-18 15:47:03 [restartedMain] INFO  c.z.h.p.HikariPool                                 - HikariPool-1 - Added connection com.mysql.cj.jdbc.ConnectionImpl@22ede98a 
2024-08-18 15:47:03 [restartedMain] INFO  c.z.h.HikariDataSource                             - HikariPool-1 - Start completed. 
2024-08-18 15:47:03 [restartedMain] INFO  o.h.j.i.u.LogHelper                                - HHH000204: Processing PersistenceUnitInfo [name: default] 
2024-08-18 15:47:03 [restartedMain] INFO  o.h.Version                                        - HHH000412: Hibernate ORM core version 6.2.9.Final 
2024-08-18 15:47:03 [restartedMain] INFO  o.h.c.Environment                                  - HHH000406: Using bytecode reflection optimizer 
2024-08-18 15:47:04 [restartedMain] INFO  o.h.b.i.BytecodeProviderInitiator                  - HHH000021: Bytecode provider name : bytebuddy 
2024-08-18 15:47:04 [restartedMain] INFO  o.s.o.j.p.SpringPersistenceUnitInfo                - No LoadTimeWeaver setup: ignoring JPA class transformer 
2024-08-18 15:47:04 [restartedMain] INFO  o.h.b.i.BytecodeProviderInitiator                  - HHH000021: Bytecode provider name : bytebuddy 
2024-08-18 15:47:05 [restartedMain] INFO  o.h.e.t.j.p.i.JtaPlatformInitiator                 - HHH000490: Using JtaPlatform implementation: [org.hibernate.engine.transaction.jta.platform.internal.NoJtaPlatform] 
2024-08-18 15:47:05 [restartedMain] INFO  o.s.o.j.LocalContainerEntityManagerFactoryBean     - Initialized JPA EntityManagerFactory for persistence unit 'default' 
2024-08-18 15:47:05 [restartedMain] INFO  o.s.d.j.r.q.QueryEnhancerFactory                   - Hibernate is in classpath; If applicable, HQL parser will be used. 
2024-08-18 15:47:06 [restartedMain] WARN  o.s.b.a.o.j.JpaBaseConfiguration$JpaWebConfiguration - spring.jpa.open-in-view is enabled by default. Therefore, database queries may be performed during view rendering. Explicitly configure spring.jpa.open-in-view to disable this warning 
2024-08-18 15:47:07 [restartedMain] INFO  o.s.s.w.DefaultSecurityFilterChain                 - Will secure any request with [org.springframework.security.web.session.DisableEncodeUrlFilter@2953c6f2, org.springframework.security.web.context.request.async.WebAsyncManagerIntegrationFilter@1479539d, org.springframework.security.web.context.SecurityContextHolderFilter@4da831bf, org.springframework.security.web.header.HeaderWriterFilter@3ef4fcca, org.springframework.web.filter.CorsFilter@4c90d4d5, org.springframework.security.web.authentication.logout.LogoutFilter@3a708f14, com.company.config.security.JWTAuthorizationFilter@43360bc2, org.springframework.security.web.authentication.www.BasicAuthenticationFilter@71a997c2, org.springframework.security.web.savedrequest.RequestCacheAwareFilter@7cffc392, org.springframework.security.web.servletapi.SecurityContextHolderAwareRequestFilter@23523740, org.springframework.security.web.authentication.AnonymousAuthenticationFilter@2b43aa7a, org.springframework.security.web.access.ExceptionTranslationFilter@5da2cccb, org.springframework.security.web.access.intercept.AuthorizationFilter@1677f41d] 
2024-08-18 15:47:07 [restartedMain] INFO  o.s.b.d.a.OptionalLiveReloadServer                 - LiveReload server is running on port 35729 
2024-08-18 15:47:07 [restartedMain] INFO  o.a.c.h.Http11NioProtocol                          - Starting ProtocolHandler ["http-nio-8080"] 
2024-08-18 15:47:07 [restartedMain] INFO  o.s.b.w.e.t.TomcatWebServer                        - Tomcat started on port(s): 8080 (http) with context path '' 
2024-08-18 15:47:07 [restartedMain] INFO  c.c.ApartmentManagementApplication                 - Started ApartmentManagementApplication in 7.013 seconds (process running for 10.481) 
2024-08-18 15:47:17 [http-nio-8080-exec-1] INFO  o.a.c.c.C.[.[.[/]                                  - Initializing Spring DispatcherServlet 'dispatcherServlet' 
2024-08-18 15:47:17 [http-nio-8080-exec-1] INFO  o.s.w.s.DispatcherServlet                          - Initializing Servlet 'dispatcherServlet' 
2024-08-18 15:47:17 [http-nio-8080-exec-1] INFO  o.s.w.s.DispatcherServlet                          - Completed initialization in 1 ms 
2024-08-18 15:49:13 [http-nio-8080-exec-6] DEBUG o.h.SQL                                            - 
    select
        u1_0.id,
        u1_0.created_at,
        u1_0.email,
        u1_0.password,
        u1_0.role,
        u1_0.updated_at,
        u1_0.username 
    from
        `users` u1_0 
    where
        u1_0.username=? 
2024-08-18 15:49:13 [http-nio-8080-exec-6] DEBUG o.h.SQL                                            - 
    select
        u1_0.id,
        u1_0.created_at,
        u1_0.email,
        u1_0.password,
        u1_0.role,
        u1_0.updated_at,
        u1_0.username 
    from
        `users` u1_0 
    where
        u1_0.username=? 
2024-08-18 15:49:14 [http-nio-8080-exec-6] DEBUG o.h.SQL                                            - 
    select
        t1_0.id,
        t1_0.expired_date,
        t1_0.`key`,
        t1_0.`type`,
        t1_0.user_id 
    from
        Token t1_0 
    where
        t1_0.user_id=? 
2024-08-18 15:49:14 [http-nio-8080-exec-6] DEBUG o.h.SQL                                            - 
    insert 
    into
        Token
        (expired_date,`key`,`type`,user_id) 
    values
        (?,?,?,?) 
